2016-08-15 17:12:53.632  INFO 7912 --- [main] cn.springboot.App                        : Starting App on DESKTOP-BUSKK83 with PID 7912 (D:\Codeme\workspace\springbootshiro\target\classes started by szc in D:\Codeme\workspace\springbootshiro)
2016-08-15 17:12:53.637  INFO 7912 --- [main] cn.springboot.App                        : No active profile set, falling back to default profiles: default
2016-08-15 17:12:53.824  INFO 7912 --- [main] ationConfigEmbeddedWebApplicationContext : Refreshing org.springframework.boot.context.embedded.AnnotationConfigEmbeddedWebApplicationContext@7fa98a66: startup date [Mon Aug 15 17:12:53 CST 2016]; root of context hierarchy
2016-08-15 17:12:58.224  INFO 7912 --- [main] trationDelegate$BeanPostProcessorChecker : Bean 'org.springframework.transaction.annotation.ProxyTransactionManagementConfiguration' of type [class org.springframework.transaction.annotation.ProxyTransactionManagementConfiguration$$EnhancerBySpringCGLIB$$81333359] is not eligible for getting processed by all BeanPostProcessors (for example: not eligible for auto-proxying)
2016-08-15 17:12:58.336  INFO 7912 --- [main] trationDelegate$BeanPostProcessorChecker : Bean 'shiroConfiguration' of type [class cn.springboot.shiro.ShiroConfiguration$$EnhancerBySpringCGLIB$$826564cc] is not eligible for getting processed by all BeanPostProcessors (for example: not eligible for auto-proxying)
2016-08-15 17:12:58.474  INFO 7912 --- [main] trationDelegate$BeanPostProcessorChecker : Bean 'hashedCredentialsMatcher' of type [class org.apache.shiro.authc.credential.HashedCredentialsMatcher] is not eligible for getting processed by all BeanPostProcessors (for example: not eligible for auto-proxying)
2016-08-15 17:12:58.610  INFO 7912 --- [main] trationDelegate$BeanPostProcessorChecker : Bean '(inner bean)#46d9aec8' of type [class org.springframework.beans.factory.config.PropertiesFactoryBean] is not eligible for getting processed by all BeanPostProcessors (for example: not eligible for auto-proxying)
2016-08-15 17:12:58.614  INFO 7912 --- [main] trationDelegate$BeanPostProcessorChecker : Bean '(inner bean)#46d9aec8' of type [class java.util.Properties] is not eligible for getting processed by all BeanPostProcessors (for example: not eligible for auto-proxying)
2016-08-15 17:12:58.634  INFO 7912 --- [main] trationDelegate$BeanPostProcessorChecker : Bean '(inner bean)#3bead518' of type [class org.springframework.data.repository.core.support.PropertiesBasedNamedQueries] is not eligible for getting processed by all BeanPostProcessors (for example: not eligible for auto-proxying)
2016-08-15 17:12:58.650  INFO 7912 --- [main] trationDelegate$BeanPostProcessorChecker : Bean '(inner bean)#53ac845a' of type [class org.springframework.data.repository.query.ExtensionAwareEvaluationContextProvider] is not eligible for getting processed by all BeanPostProcessors (for example: not eligible for auto-proxying)
2016-08-15 17:12:58.666  INFO 7912 --- [main] trationDelegate$BeanPostProcessorChecker : Bean 'org.springframework.boot.autoconfigure.jdbc.DataSourceConfiguration$Tomcat' of type [class org.springframework.boot.autoconfigure.jdbc.DataSourceConfiguration$Tomcat] is not eligible for getting processed by all BeanPostProcessors (for example: not eligible for auto-proxying)
2016-08-15 17:12:59.114  INFO 7912 --- [main] trationDelegate$BeanPostProcessorChecker : Bean 'spring.datasource-org.springframework.boot.autoconfigure.jdbc.DataSourceProperties' of type [class org.springframework.boot.autoconfigure.jdbc.DataSourceProperties] is not eligible for getting processed by all BeanPostProcessors (for example: not eligible for auto-proxying)
2016-08-15 17:12:59.377  INFO 7912 --- [main] trationDelegate$BeanPostProcessorChecker : Bean 'dataSource' of type [class org.apache.tomcat.jdbc.pool.DataSource] is not eligible for getting processed by all BeanPostProcessors (for example: not eligible for auto-proxying)
2016-08-15 17:12:59.392  INFO 7912 --- [main] trationDelegate$BeanPostProcessorChecker : Bean 'org.springframework.boot.autoconfigure.jdbc.DataSourceAutoConfiguration' of type [class org.springframework.boot.autoconfigure.jdbc.DataSourceAutoConfiguration$$EnhancerBySpringCGLIB$$6326d6b9] is not eligible for getting processed by all BeanPostProcessors (for example: not eligible for auto-proxying)
2016-08-15 17:12:59.415  INFO 7912 --- [main] trationDelegate$BeanPostProcessorChecker : Bean 'dataSourceInitializer' of type [class org.springframework.boot.autoconfigure.jdbc.DataSourceInitializer] is not eligible for getting processed by all BeanPostProcessors (for example: not eligible for auto-proxying)
2016-08-15 17:12:59.462  INFO 7912 --- [main] trationDelegate$BeanPostProcessorChecker : Bean 'spring.jpa-org.springframework.boot.autoconfigure.orm.jpa.JpaProperties' of type [class org.springframework.boot.autoconfigure.orm.jpa.JpaProperties] is not eligible for getting processed by all BeanPostProcessors (for example: not eligible for auto-proxying)
2016-08-15 17:12:59.572  INFO 7912 --- [main] trationDelegate$BeanPostProcessorChecker : Bean 'org.springframework.boot.autoconfigure.orm.jpa.HibernateJpaAutoConfiguration' of type [class org.springframework.boot.autoconfigure.orm.jpa.HibernateJpaAutoConfiguration$$EnhancerBySpringCGLIB$$eab99779] is not eligible for getting processed by all BeanPostProcessors (for example: not eligible for auto-proxying)
2016-08-15 17:12:59.676  INFO 7912 --- [main] trationDelegate$BeanPostProcessorChecker : Bean 'jpaVendorAdapter' of type [class org.springframework.orm.jpa.vendor.HibernateJpaVendorAdapter] is not eligible for getting processed by all BeanPostProcessors (for example: not eligible for auto-proxying)
2016-08-15 17:12:59.697  INFO 7912 --- [main] trationDelegate$BeanPostProcessorChecker : Bean 'entityManagerFactoryBuilder' of type [class org.springframework.boot.orm.jpa.EntityManagerFactoryBuilder] is not eligible for getting processed by all BeanPostProcessors (for example: not eligible for auto-proxying)
2016-08-15 17:12:59.813  INFO 7912 --- [main] j.LocalContainerEntityManagerFactoryBean : Building JPA container EntityManagerFactory for persistence unit 'default'
2016-08-15 17:12:59.859  INFO 7912 --- [main] o.hibernate.jpa.internal.util.LogHelper  : HHH000204: Processing PersistenceUnitInfo [
	name: default
	...]
2016-08-15 17:13:00.074  INFO 7912 --- [main] org.hibernate.Version                    : HHH000412: Hibernate Core {5.0.9.Final}
2016-08-15 17:13:00.076  INFO 7912 --- [main] org.hibernate.cfg.Environment            : HHH000206: hibernate.properties not found
2016-08-15 17:13:00.078  INFO 7912 --- [main] org.hibernate.cfg.Environment            : HHH000021: Bytecode provider name : javassist
2016-08-15 17:13:00.178  INFO 7912 --- [main] o.hibernate.annotations.common.Version   : HCANN000001: Hibernate Commons Annotations {5.0.1.Final}
2016-08-15 17:13:01.163  INFO 7912 --- [main] org.hibernate.dialect.Dialect            : HHH000400: Using dialect: org.hibernate.dialect.MySQL5Dialect
2016-08-15 17:13:02.778  INFO 7912 --- [main] org.hibernate.tool.hbm2ddl.SchemaUpdate  : HHH000228: Running hbm2ddl schema update
2016-08-15 17:13:03.141  INFO 7912 --- [main] j.LocalContainerEntityManagerFactoryBean : Initialized JPA EntityManagerFactory for persistence unit 'default'
2016-08-15 17:13:03.147  INFO 7912 --- [main] trationDelegate$BeanPostProcessorChecker : Bean 'entityManagerFactory' of type [class org.springframework.orm.jpa.LocalContainerEntityManagerFactoryBean] is not eligible for getting processed by all BeanPostProcessors (for example: not eligible for auto-proxying)
2016-08-15 17:13:03.149  INFO 7912 --- [main] trationDelegate$BeanPostProcessorChecker : Bean 'entityManagerFactory' of type [class com.sun.proxy.$Proxy70] is not eligible for getting processed by all BeanPostProcessors (for example: not eligible for auto-proxying)
2016-08-15 17:13:03.177  INFO 7912 --- [main] trationDelegate$BeanPostProcessorChecker : Bean '(inner bean)#2764c546' of type [class com.sun.proxy.$Proxy72] is not eligible for getting processed by all BeanPostProcessors (for example: not eligible for auto-proxying)
2016-08-15 17:13:03.263  INFO 7912 --- [main] trationDelegate$BeanPostProcessorChecker : Bean 'jpaMappingContext' of type [class org.springframework.data.jpa.repository.config.JpaMetamodelMappingContextFactoryBean] is not eligible for getting processed by all BeanPostProcessors (for example: not eligible for auto-proxying)
2016-08-15 17:13:03.268  INFO 7912 --- [main] trationDelegate$BeanPostProcessorChecker : Bean 'jpaMappingContext' of type [class org.springframework.data.jpa.mapping.JpaMetamodelMappingContext] is not eligible for getting processed by all BeanPostProcessors (for example: not eligible for auto-proxying)
2016-08-15 17:13:03.628  INFO 7912 --- [main] trationDelegate$BeanPostProcessorChecker : Bean 'userInfoRepository' of type [class org.springframework.data.jpa.repository.support.JpaRepositoryFactoryBean] is not eligible for getting processed by all BeanPostProcessors (for example: not eligible for auto-proxying)
2016-08-15 17:13:03.630  INFO 7912 --- [main] trationDelegate$BeanPostProcessorChecker : Bean 'userInfoRepository' of type [class com.sun.proxy.$Proxy74] is not eligible for getting processed by all BeanPostProcessors (for example: not eligible for auto-proxying)
2016-08-15 17:13:03.634  INFO 7912 --- [main] trationDelegate$BeanPostProcessorChecker : Bean 'userInfoServiceImpl' of type [class cn.springboot.service.UserInfoServiceImpl] is not eligible for getting processed by all BeanPostProcessors (for example: not eligible for auto-proxying)
2016-08-15 17:13:03.636  INFO 7912 --- [main] trationDelegate$BeanPostProcessorChecker : Bean 'myShiroRealm' of type [class cn.springboot.shiro.MyShiroRealm] is not eligible for getting processed by all BeanPostProcessors (for example: not eligible for auto-proxying)
2016-08-15 17:13:03.648  INFO 7912 --- [main] trationDelegate$BeanPostProcessorChecker : Bean 'ehCacheManager' of type [class org.apache.shiro.cache.ehcache.EhCacheManager] is not eligible for getting processed by all BeanPostProcessors (for example: not eligible for auto-proxying)
2016-08-15 17:13:03.904  INFO 7912 --- [main] o.a.shiro.cache.ehcache.EhCacheManager   : Cache with name 'cn.springboot.shiro.MyShiroRealm.authorizationCache' does not yet exist.  Creating now.
2016-08-15 17:13:03.907  INFO 7912 --- [main] o.a.shiro.cache.ehcache.EhCacheManager   : Added EhCache named [cn.springboot.shiro.MyShiroRealm.authorizationCache]
2016-08-15 17:13:03.924  INFO 7912 --- [main] trationDelegate$BeanPostProcessorChecker : Bean 'rememberMeCookie' of type [class org.apache.shiro.web.servlet.SimpleCookie] is not eligible for getting processed by all BeanPostProcessors (for example: not eligible for auto-proxying)
2016-08-15 17:13:03.943  INFO 7912 --- [main] trationDelegate$BeanPostProcessorChecker : Bean 'rememberMeManager' of type [class org.apache.shiro.web.mgt.CookieRememberMeManager] is not eligible for getting processed by all BeanPostProcessors (for example: not eligible for auto-proxying)
2016-08-15 17:13:03.961  INFO 7912 --- [main] trationDelegate$BeanPostProcessorChecker : Bean 'securityManager' of type [class org.apache.shiro.web.mgt.DefaultWebSecurityManager] is not eligible for getting processed by all BeanPostProcessors (for example: not eligible for auto-proxying)
2016-08-15 17:13:03.982  INFO 7912 --- [main] trationDelegate$BeanPostProcessorChecker : Bean 'advisor' of type [class org.apache.shiro.spring.security.interceptor.AuthorizationAttributeSourceAdvisor] is not eligible for getting processed by all BeanPostProcessors (for example: not eligible for auto-proxying)
2016-08-15 17:13:04.621  INFO 7912 --- [main] s.b.c.e.t.TomcatEmbeddedServletContainer : Tomcat initialized with port(s): 8080 (http)
2016-08-15 17:13:04.652  INFO 7912 --- [main] o.apache.catalina.core.StandardService   : Starting service Tomcat
2016-08-15 17:13:04.655  INFO 7912 --- [main] org.apache.catalina.core.StandardEngine  : Starting Servlet Engine: Apache Tomcat/8.5.4
2016-08-15 17:13:05.608  INFO 7912 --- [localhost-startStop-1] org.apache.jasper.servlet.TldScanner     : At least one JAR was scanned for TLDs yet contained no TLDs. Enable debug logging for this logger for a complete list of JARs that were scanned but no TLDs were found in them. Skipping unneeded JARs during scanning can improve startup time and JSP compilation time.
2016-08-15 17:13:05.628  INFO 7912 --- [localhost-startStop-1] o.a.c.c.C.[Tomcat].[localhost].[/]       : Initializing Spring embedded WebApplicationContext
2016-08-15 17:13:05.629  INFO 7912 --- [localhost-startStop-1] o.s.web.context.ContextLoader            : Root WebApplicationContext: initialization completed in 11811 ms
2016-08-15 17:13:05.818  INFO 7912 --- [es] net.sf.ehcache.util.UpdateChecker        : New update(s) found: 2.6.5 [http://www.terracotta.org/confluence/display/release/Release+Notes+Ehcache+Core+2.6]. Please check http://ehcache.org for the latest version.
2016-08-15 17:13:06.198  INFO 7912 --- [localhost-startStop-1] o.s.b.w.servlet.ServletRegistrationBean  : Mapping servlet: 'dispatcherServlet' to [/]
2016-08-15 17:13:06.206  INFO 7912 --- [localhost-startStop-1] o.s.b.w.servlet.FilterRegistrationBean   : Mapping filter: 'characterEncodingFilter' to: [/*]
2016-08-15 17:13:06.208  INFO 7912 --- [localhost-startStop-1] o.s.b.w.servlet.FilterRegistrationBean   : Mapping filter: 'hiddenHttpMethodFilter' to: [/*]
2016-08-15 17:13:06.209  INFO 7912 --- [localhost-startStop-1] o.s.b.w.servlet.FilterRegistrationBean   : Mapping filter: 'httpPutFormContentFilter' to: [/*]
2016-08-15 17:13:06.210  INFO 7912 --- [localhost-startStop-1] o.s.b.w.servlet.FilterRegistrationBean   : Mapping filter: 'requestContextFilter' to: [/*]
2016-08-15 17:13:06.211  INFO 7912 --- [localhost-startStop-1] o.s.b.w.servlet.FilterRegistrationBean   : Mapping filter: 'shirFilter' to: [/*]
2016-08-15 17:13:07.282  INFO 7912 --- [main] s.w.s.m.m.a.RequestMappingHandlerAdapter : Looking for @ControllerAdvice: org.springframework.boot.context.embedded.AnnotationConfigEmbeddedWebApplicationContext@7fa98a66: startup date [Mon Aug 15 17:12:53 CST 2016]; root of context hierarchy
2016-08-15 17:13:07.463  INFO 7912 --- [main] s.w.s.m.m.a.RequestMappingHandlerMapping : Mapped "{[/ || /index]}" onto public java.lang.String cn.springboot.controller.HomeController.index()
2016-08-15 17:13:07.468  INFO 7912 --- [main] s.w.s.m.m.a.RequestMappingHandlerMapping : Mapped "{[/login],methods=[POST]}" onto public java.lang.String cn.springboot.controller.HomeController.login(javax.servlet.http.HttpServletRequest,java.util.Map<java.lang.String, java.lang.Object>)
2016-08-15 17:13:07.469  INFO 7912 --- [main] s.w.s.m.m.a.RequestMappingHandlerMapping : Mapped "{[/login],methods=[GET]}" onto public java.lang.String cn.springboot.controller.HomeController.login()
2016-08-15 17:13:07.477  INFO 7912 --- [main] s.w.s.m.m.a.RequestMappingHandlerMapping : Mapped "{[/userInfo/userList]}" onto public java.lang.String cn.springboot.controller.UserInfoController.userInfo()
2016-08-15 17:13:07.479  INFO 7912 --- [main] s.w.s.m.m.a.RequestMappingHandlerMapping : Mapped "{[/userInfo/userAdd]}" onto public java.lang.String cn.springboot.controller.UserInfoController.userInfoAdd()
2016-08-15 17:13:07.482  INFO 7912 --- [main] s.w.s.m.m.a.RequestMappingHandlerMapping : Mapped "{[/userInfo/userDel]}" onto public java.lang.String cn.springboot.controller.UserInfoController.userInfoDel()
2016-08-15 17:13:07.491  INFO 7912 --- [main] s.w.s.m.m.a.RequestMappingHandlerMapping : Mapped "{[/error]}" onto public org.springframework.http.ResponseEntity<java.util.Map<java.lang.String, java.lang.Object>> org.springframework.boot.autoconfigure.web.BasicErrorController.error(javax.servlet.http.HttpServletRequest)
2016-08-15 17:13:07.492  INFO 7912 --- [main] s.w.s.m.m.a.RequestMappingHandlerMapping : Mapped "{[/error],produces=[text/html]}" onto public org.springframework.web.servlet.ModelAndView org.springframework.boot.autoconfigure.web.BasicErrorController.errorHtml(javax.servlet.http.HttpServletRequest,javax.servlet.http.HttpServletResponse)
2016-08-15 17:13:07.660  INFO 7912 --- [main] o.s.w.s.handler.SimpleUrlHandlerMapping  : Mapped URL path [/webjars/**] onto handler of type [class org.springframework.web.servlet.resource.ResourceHttpRequestHandler]
2016-08-15 17:13:07.674  INFO 7912 --- [main] o.s.w.s.handler.SimpleUrlHandlerMapping  : Mapped URL path [/**] onto handler of type [class org.springframework.web.servlet.resource.ResourceHttpRequestHandler]
2016-08-15 17:13:08.072  INFO 7912 --- [main] o.s.w.s.handler.SimpleUrlHandlerMapping  : Mapped URL path [/**/favicon.ico] onto handler of type [class org.springframework.web.servlet.resource.ResourceHttpRequestHandler]
2016-08-15 17:13:08.830  INFO 7912 --- [main] o.s.j.e.a.AnnotationMBeanExporter        : Registering beans for JMX exposure on startup
2016-08-15 17:13:09.002  INFO 7912 --- [main] s.b.c.e.t.TomcatEmbeddedServletContainer : Tomcat started on port(s): 8080 (http)
2016-08-15 17:13:09.024  INFO 7912 --- [main] cn.springboot.App                        : Started App in 16.364 seconds (JVM running for 17.383)
2016-08-15 17:29:00.758  INFO 2908 --- [main] cn.springboot.App                        : Starting App on DESKTOP-BUSKK83 with PID 2908 (D:\Codeme\workspace\springbootshiro\target\classes started by szc in D:\Codeme\workspace\springbootshiro)
2016-08-15 17:29:00.781  INFO 2908 --- [main] cn.springboot.App                        : No active profile set, falling back to default profiles: default
2016-08-15 17:29:01.026  INFO 2908 --- [main] ationConfigEmbeddedWebApplicationContext : Refreshing org.springframework.boot.context.embedded.AnnotationConfigEmbeddedWebApplicationContext@4afcd809: startup date [Mon Aug 15 17:29:01 CST 2016]; root of context hierarchy
2016-08-15 17:29:05.075  INFO 2908 --- [main] trationDelegate$BeanPostProcessorChecker : Bean 'org.springframework.transaction.annotation.ProxyTransactionManagementConfiguration' of type [class org.springframework.transaction.annotation.ProxyTransactionManagementConfiguration$$EnhancerBySpringCGLIB$$ab6ea3bf] is not eligible for getting processed by all BeanPostProcessors (for example: not eligible for auto-proxying)
2016-08-15 17:29:05.184  INFO 2908 --- [main] trationDelegate$BeanPostProcessorChecker : Bean 'shiroConfiguration' of type [class cn.springboot.shiro.ShiroConfiguration$$EnhancerBySpringCGLIB$$aca0d532] is not eligible for getting processed by all BeanPostProcessors (for example: not eligible for auto-proxying)
2016-08-15 17:29:05.319  INFO 2908 --- [main] trationDelegate$BeanPostProcessorChecker : Bean 'hashedCredentialsMatcher' of type [class org.apache.shiro.authc.credential.HashedCredentialsMatcher] is not eligible for getting processed by all BeanPostProcessors (for example: not eligible for auto-proxying)
2016-08-15 17:29:05.522  INFO 2908 --- [main] trationDelegate$BeanPostProcessorChecker : Bean '(inner bean)#b965857' of type [class org.springframework.beans.factory.config.PropertiesFactoryBean] is not eligible for getting processed by all BeanPostProcessors (for example: not eligible for auto-proxying)
2016-08-15 17:29:05.524  INFO 2908 --- [main] trationDelegate$BeanPostProcessorChecker : Bean '(inner bean)#b965857' of type [class java.util.Properties] is not eligible for getting processed by all BeanPostProcessors (for example: not eligible for auto-proxying)
2016-08-15 17:29:05.538  INFO 2908 --- [main] trationDelegate$BeanPostProcessorChecker : Bean '(inner bean)#4ce14f05' of type [class org.springframework.data.repository.core.support.PropertiesBasedNamedQueries] is not eligible for getting processed by all BeanPostProcessors (for example: not eligible for auto-proxying)
2016-08-15 17:29:05.555  INFO 2908 --- [main] trationDelegate$BeanPostProcessorChecker : Bean '(inner bean)#2fc2a205' of type [class org.springframework.data.repository.query.ExtensionAwareEvaluationContextProvider] is not eligible for getting processed by all BeanPostProcessors (for example: not eligible for auto-proxying)
2016-08-15 17:29:05.570  INFO 2908 --- [main] trationDelegate$BeanPostProcessorChecker : Bean 'org.springframework.boot.autoconfigure.jdbc.DataSourceConfiguration$Tomcat' of type [class org.springframework.boot.autoconfigure.jdbc.DataSourceConfiguration$Tomcat] is not eligible for getting processed by all BeanPostProcessors (for example: not eligible for auto-proxying)
2016-08-15 17:29:05.977  INFO 2908 --- [main] trationDelegate$BeanPostProcessorChecker : Bean 'spring.datasource-org.springframework.boot.autoconfigure.jdbc.DataSourceProperties' of type [class org.springframework.boot.autoconfigure.jdbc.DataSourceProperties] is not eligible for getting processed by all BeanPostProcessors (for example: not eligible for auto-proxying)
2016-08-15 17:29:06.272  INFO 2908 --- [main] trationDelegate$BeanPostProcessorChecker : Bean 'dataSource' of type [class org.apache.tomcat.jdbc.pool.DataSource] is not eligible for getting processed by all BeanPostProcessors (for example: not eligible for auto-proxying)
2016-08-15 17:29:06.295  INFO 2908 --- [main] trationDelegate$BeanPostProcessorChecker : Bean 'org.springframework.boot.autoconfigure.jdbc.DataSourceAutoConfiguration' of type [class org.springframework.boot.autoconfigure.jdbc.DataSourceAutoConfiguration$$EnhancerBySpringCGLIB$$8d62471f] is not eligible for getting processed by all BeanPostProcessors (for example: not eligible for auto-proxying)
2016-08-15 17:29:06.335  INFO 2908 --- [main] trationDelegate$BeanPostProcessorChecker : Bean 'dataSourceInitializer' of type [class org.springframework.boot.autoconfigure.jdbc.DataSourceInitializer] is not eligible for getting processed by all BeanPostProcessors (for example: not eligible for auto-proxying)
2016-08-15 17:29:06.396  INFO 2908 --- [main] trationDelegate$BeanPostProcessorChecker : Bean 'spring.jpa-org.springframework.boot.autoconfigure.orm.jpa.JpaProperties' of type [class org.springframework.boot.autoconfigure.orm.jpa.JpaProperties] is not eligible for getting processed by all BeanPostProcessors (for example: not eligible for auto-proxying)
2016-08-15 17:29:06.470  INFO 2908 --- [main] trationDelegate$BeanPostProcessorChecker : Bean 'org.springframework.boot.autoconfigure.orm.jpa.HibernateJpaAutoConfiguration' of type [class org.springframework.boot.autoconfigure.orm.jpa.HibernateJpaAutoConfiguration$$EnhancerBySpringCGLIB$$14f507df] is not eligible for getting processed by all BeanPostProcessors (for example: not eligible for auto-proxying)
2016-08-15 17:29:06.613  INFO 2908 --- [main] trationDelegate$BeanPostProcessorChecker : Bean 'jpaVendorAdapter' of type [class org.springframework.orm.jpa.vendor.HibernateJpaVendorAdapter] is not eligible for getting processed by all BeanPostProcessors (for example: not eligible for auto-proxying)
2016-08-15 17:29:06.620  INFO 2908 --- [main] trationDelegate$BeanPostProcessorChecker : Bean 'entityManagerFactoryBuilder' of type [class org.springframework.boot.orm.jpa.EntityManagerFactoryBuilder] is not eligible for getting processed by all BeanPostProcessors (for example: not eligible for auto-proxying)
2016-08-15 17:29:06.704  INFO 2908 --- [main] j.LocalContainerEntityManagerFactoryBean : Building JPA container EntityManagerFactory for persistence unit 'default'
2016-08-15 17:29:06.752  INFO 2908 --- [main] o.hibernate.jpa.internal.util.LogHelper  : HHH000204: Processing PersistenceUnitInfo [
	name: default
	...]
2016-08-15 17:29:06.906  INFO 2908 --- [main] org.hibernate.Version                    : HHH000412: Hibernate Core {5.0.9.Final}
2016-08-15 17:29:06.910  INFO 2908 --- [main] org.hibernate.cfg.Environment            : HHH000206: hibernate.properties not found
2016-08-15 17:29:06.913  INFO 2908 --- [main] org.hibernate.cfg.Environment            : HHH000021: Bytecode provider name : javassist
2016-08-15 17:29:07.045  INFO 2908 --- [main] o.hibernate.annotations.common.Version   : HCANN000001: Hibernate Commons Annotations {5.0.1.Final}
2016-08-15 17:29:07.841  INFO 2908 --- [main] org.hibernate.dialect.Dialect            : HHH000400: Using dialect: org.hibernate.dialect.MySQL5Dialect
2016-08-15 17:29:09.150  INFO 2908 --- [main] org.hibernate.tool.hbm2ddl.SchemaUpdate  : HHH000228: Running hbm2ddl schema update
2016-08-15 17:29:09.495  INFO 2908 --- [main] j.LocalContainerEntityManagerFactoryBean : Initialized JPA EntityManagerFactory for persistence unit 'default'
2016-08-15 17:29:09.501  INFO 2908 --- [main] trationDelegate$BeanPostProcessorChecker : Bean 'entityManagerFactory' of type [class org.springframework.orm.jpa.LocalContainerEntityManagerFactoryBean] is not eligible for getting processed by all BeanPostProcessors (for example: not eligible for auto-proxying)
2016-08-15 17:29:09.502  INFO 2908 --- [main] trationDelegate$BeanPostProcessorChecker : Bean 'entityManagerFactory' of type [class com.sun.proxy.$Proxy70] is not eligible for getting processed by all BeanPostProcessors (for example: not eligible for auto-proxying)
2016-08-15 17:29:09.528  INFO 2908 --- [main] trationDelegate$BeanPostProcessorChecker : Bean '(inner bean)#3ece1e79' of type [class com.sun.proxy.$Proxy72] is not eligible for getting processed by all BeanPostProcessors (for example: not eligible for auto-proxying)
2016-08-15 17:29:09.614  INFO 2908 --- [main] trationDelegate$BeanPostProcessorChecker : Bean 'jpaMappingContext' of type [class org.springframework.data.jpa.repository.config.JpaMetamodelMappingContextFactoryBean] is not eligible for getting processed by all BeanPostProcessors (for example: not eligible for auto-proxying)
2016-08-15 17:29:09.615  INFO 2908 --- [main] trationDelegate$BeanPostProcessorChecker : Bean 'jpaMappingContext' of type [class org.springframework.data.jpa.mapping.JpaMetamodelMappingContext] is not eligible for getting processed by all BeanPostProcessors (for example: not eligible for auto-proxying)
2016-08-15 17:29:09.863  INFO 2908 --- [main] trationDelegate$BeanPostProcessorChecker : Bean 'userInfoRepository' of type [class org.springframework.data.jpa.repository.support.JpaRepositoryFactoryBean] is not eligible for getting processed by all BeanPostProcessors (for example: not eligible for auto-proxying)
2016-08-15 17:29:09.866  INFO 2908 --- [main] trationDelegate$BeanPostProcessorChecker : Bean 'userInfoRepository' of type [class com.sun.proxy.$Proxy74] is not eligible for getting processed by all BeanPostProcessors (for example: not eligible for auto-proxying)
2016-08-15 17:29:09.870  INFO 2908 --- [main] trationDelegate$BeanPostProcessorChecker : Bean 'userInfoServiceImpl' of type [class cn.springboot.service.UserInfoServiceImpl] is not eligible for getting processed by all BeanPostProcessors (for example: not eligible for auto-proxying)
2016-08-15 17:29:09.872  INFO 2908 --- [main] trationDelegate$BeanPostProcessorChecker : Bean 'myShiroRealm' of type [class cn.springboot.shiro.MyShiroRealm] is not eligible for getting processed by all BeanPostProcessors (for example: not eligible for auto-proxying)
2016-08-15 17:29:09.890  INFO 2908 --- [main] trationDelegate$BeanPostProcessorChecker : Bean 'ehCacheManager' of type [class org.apache.shiro.cache.ehcache.EhCacheManager] is not eligible for getting processed by all BeanPostProcessors (for example: not eligible for auto-proxying)
2016-08-15 17:29:10.059  INFO 2908 --- [main] o.a.shiro.cache.ehcache.EhCacheManager   : Cache with name 'cn.springboot.shiro.MyShiroRealm.authorizationCache' does not yet exist.  Creating now.
2016-08-15 17:29:10.062  INFO 2908 --- [main] o.a.shiro.cache.ehcache.EhCacheManager   : Added EhCache named [cn.springboot.shiro.MyShiroRealm.authorizationCache]
2016-08-15 17:29:10.072  INFO 2908 --- [main] trationDelegate$BeanPostProcessorChecker : Bean 'rememberMeCookie' of type [class org.apache.shiro.web.servlet.SimpleCookie] is not eligible for getting processed by all BeanPostProcessors (for example: not eligible for auto-proxying)
2016-08-15 17:29:10.082  INFO 2908 --- [main] trationDelegate$BeanPostProcessorChecker : Bean 'rememberMeManager' of type [class org.apache.shiro.web.mgt.CookieRememberMeManager] is not eligible for getting processed by all BeanPostProcessors (for example: not eligible for auto-proxying)
2016-08-15 17:29:10.096  INFO 2908 --- [main] trationDelegate$BeanPostProcessorChecker : Bean 'securityManager' of type [class org.apache.shiro.web.mgt.DefaultWebSecurityManager] is not eligible for getting processed by all BeanPostProcessors (for example: not eligible for auto-proxying)
2016-08-15 17:29:10.116  INFO 2908 --- [main] trationDelegate$BeanPostProcessorChecker : Bean 'advisor' of type [class org.apache.shiro.spring.security.interceptor.AuthorizationAttributeSourceAdvisor] is not eligible for getting processed by all BeanPostProcessors (for example: not eligible for auto-proxying)
2016-08-15 17:29:10.771  INFO 2908 --- [main] s.b.c.e.t.TomcatEmbeddedServletContainer : Tomcat initialized with port(s): 8080 (http)
2016-08-15 17:29:10.800  INFO 2908 --- [main] o.apache.catalina.core.StandardService   : Starting service Tomcat
2016-08-15 17:29:10.802  INFO 2908 --- [main] org.apache.catalina.core.StandardEngine  : Starting Servlet Engine: Apache Tomcat/8.5.4
2016-08-15 17:29:11.772  INFO 2908 --- [localhost-startStop-1] org.apache.jasper.servlet.TldScanner     : At least one JAR was scanned for TLDs yet contained no TLDs. Enable debug logging for this logger for a complete list of JARs that were scanned but no TLDs were found in them. Skipping unneeded JARs during scanning can improve startup time and JSP compilation time.
2016-08-15 17:29:11.787  INFO 2908 --- [localhost-startStop-1] o.a.c.c.C.[Tomcat].[localhost].[/]       : Initializing Spring embedded WebApplicationContext
2016-08-15 17:29:11.787  INFO 2908 --- [localhost-startStop-1] o.s.web.context.ContextLoader            : Root WebApplicationContext: initialization completed in 10767 ms
2016-08-15 17:29:11.924  INFO 2908 --- [es] net.sf.ehcache.util.UpdateChecker        : New update(s) found: 2.6.5 [http://www.terracotta.org/confluence/display/release/Release+Notes+Ehcache+Core+2.6]. Please check http://ehcache.org for the latest version.
2016-08-15 17:29:12.260  INFO 2908 --- [localhost-startStop-1] o.s.b.w.servlet.ServletRegistrationBean  : Mapping servlet: 'dispatcherServlet' to [/]
2016-08-15 17:29:12.267  INFO 2908 --- [localhost-startStop-1] o.s.b.w.servlet.FilterRegistrationBean   : Mapping filter: 'characterEncodingFilter' to: [/*]
2016-08-15 17:29:12.268  INFO 2908 --- [localhost-startStop-1] o.s.b.w.servlet.FilterRegistrationBean   : Mapping filter: 'hiddenHttpMethodFilter' to: [/*]
2016-08-15 17:29:12.269  INFO 2908 --- [localhost-startStop-1] o.s.b.w.servlet.FilterRegistrationBean   : Mapping filter: 'httpPutFormContentFilter' to: [/*]
2016-08-15 17:29:12.271  INFO 2908 --- [localhost-startStop-1] o.s.b.w.servlet.FilterRegistrationBean   : Mapping filter: 'requestContextFilter' to: [/*]
2016-08-15 17:29:12.271  INFO 2908 --- [localhost-startStop-1] o.s.b.w.servlet.FilterRegistrationBean   : Mapping filter: 'shirFilter' to: [/*]
2016-08-15 17:29:13.224  INFO 2908 --- [main] s.w.s.m.m.a.RequestMappingHandlerAdapter : Looking for @ControllerAdvice: org.springframework.boot.context.embedded.AnnotationConfigEmbeddedWebApplicationContext@4afcd809: startup date [Mon Aug 15 17:29:01 CST 2016]; root of context hierarchy
2016-08-15 17:29:13.476  INFO 2908 --- [main] s.w.s.m.m.a.RequestMappingHandlerMapping : Mapped "{[/ || /index]}" onto public java.lang.String cn.springboot.controller.HomeController.index()
2016-08-15 17:29:13.478  INFO 2908 --- [main] s.w.s.m.m.a.RequestMappingHandlerMapping : Mapped "{[/login],methods=[POST]}" onto public java.lang.String cn.springboot.controller.HomeController.login(javax.servlet.http.HttpServletRequest,java.util.Map<java.lang.String, java.lang.Object>)
2016-08-15 17:29:13.479  INFO 2908 --- [main] s.w.s.m.m.a.RequestMappingHandlerMapping : Mapped "{[/login],methods=[GET]}" onto public java.lang.String cn.springboot.controller.HomeController.login()
2016-08-15 17:29:13.484  INFO 2908 --- [main] s.w.s.m.m.a.RequestMappingHandlerMapping : Mapped "{[/userInfo/userList]}" onto public java.lang.String cn.springboot.controller.UserInfoController.userInfo()
2016-08-15 17:29:13.485  INFO 2908 --- [main] s.w.s.m.m.a.RequestMappingHandlerMapping : Mapped "{[/userInfo/userAdd]}" onto public java.lang.String cn.springboot.controller.UserInfoController.userInfoAdd()
2016-08-15 17:29:13.486  INFO 2908 --- [main] s.w.s.m.m.a.RequestMappingHandlerMapping : Mapped "{[/userInfo/userDel]}" onto public java.lang.String cn.springboot.controller.UserInfoController.userInfoDel()
2016-08-15 17:29:13.493  INFO 2908 --- [main] s.w.s.m.m.a.RequestMappingHandlerMapping : Mapped "{[/error]}" onto public org.springframework.http.ResponseEntity<java.util.Map<java.lang.String, java.lang.Object>> org.springframework.boot.autoconfigure.web.BasicErrorController.error(javax.servlet.http.HttpServletRequest)
2016-08-15 17:29:13.496  INFO 2908 --- [main] s.w.s.m.m.a.RequestMappingHandlerMapping : Mapped "{[/error],produces=[text/html]}" onto public org.springframework.web.servlet.ModelAndView org.springframework.boot.autoconfigure.web.BasicErrorController.errorHtml(javax.servlet.http.HttpServletRequest,javax.servlet.http.HttpServletResponse)
2016-08-15 17:29:13.660  INFO 2908 --- [main] o.s.w.s.handler.SimpleUrlHandlerMapping  : Mapped URL path [/webjars/**] onto handler of type [class org.springframework.web.servlet.resource.ResourceHttpRequestHandler]
2016-08-15 17:29:13.680  INFO 2908 --- [main] o.s.w.s.handler.SimpleUrlHandlerMapping  : Mapped URL path [/**] onto handler of type [class org.springframework.web.servlet.resource.ResourceHttpRequestHandler]
2016-08-15 17:29:13.840  INFO 2908 --- [main] o.s.w.s.handler.SimpleUrlHandlerMapping  : Mapped URL path [/**/favicon.ico] onto handler of type [class org.springframework.web.servlet.resource.ResourceHttpRequestHandler]
2016-08-15 17:29:14.531  INFO 2908 --- [main] o.s.j.e.a.AnnotationMBeanExporter        : Registering beans for JMX exposure on startup
2016-08-15 17:29:14.730  INFO 2908 --- [main] s.b.c.e.t.TomcatEmbeddedServletContainer : Tomcat started on port(s): 8080 (http)
2016-08-15 17:29:14.750  INFO 2908 --- [main] cn.springboot.App                        : Started App in 14.993 seconds (JVM running for 15.737)
